2024-05-31 22:51:48 info GET /pt 304 - - 8.560 ms {} {}
2024-05-31 22:51:48 info GET /css/style.css 304 - - 1.218 ms {} {}
2024-05-31 22:51:48 info GET /css/route.css 304 - - 0.403 ms {} {}
2024-05-31 22:51:48 info GET /js/script.js 304 - - 0.276 ms {} {}
2024-05-31 22:51:48 info GET /img/logo.svg 304 - - 0.516 ms {} {}
2024-05-31 22:51:48 info GET /favicon.ico 400 52 - 0.783 ms {} {}
2024-06-02 12:36:17 info POST /comments/add?id_author=13&id_post=7 400 78 - 15.491 ms {"id_author":"13","id_post":"7"} {"id_author":13,"id_post":7,"comment":"Dinor"}
2024-06-02 12:36:48 info POST /comments/add?id_author=13&id_post=9 200 206 - 17.513 ms {"id_author":"13","id_post":"9"} {"id_author":13,"id_post":7,"comment":"Dinor"}
2024-06-02 12:37:11 info POST /comments/add?id_author=13&id_post=9 200 206 - 9.977 ms {"id_author":"13","id_post":"9"} {"id_author":13,"id_post":7,"comment":"Dinor"}
2024-06-02 12:38:33 info GET /user/getById?id_user=13 500 71 - 15.262 ms {"id_user":"13"} {"error":{"name":"SequelizeDatabaseError","parent":{"code":"ER_BAD_FIELD_ERROR","errno":1054,"sqlState":"42S22","sqlMessage":"Unknown column 'User_friends.id_banana' in 'where clause'","sql":"SELECT `id_friend` AS `id` FROM `User_friends` AS `User_friends` WHERE `User_friends`.`id_banana` = '13';"},"original":{"code":"ER_BAD_FIELD_ERROR","errno":1054,"sqlState":"42S22","sqlMessage":"Unknown column 'User_friends.id_banana' in 'where clause'","sql":"SELECT `id_friend` AS `id` FROM `User_friends` AS `User_friends` WHERE `User_friends`.`id_banana` = '13';"},"sql":"SELECT `id_friend` AS `id` FROM `User_friends` AS `User_friends` WHERE `User_friends`.`id_banana` = '13';","parameters":{}}}
2024-06-02 12:41:00 info GET /user/getById?id_user=13 500 71 - 19.254 ms {"id_user":"13"} {"error":{"name":"SequelizeDatabaseError","parent":{"code":"ER_BAD_FIELD_ERROR","errno":1054,"sqlState":"42S22","sqlMessage":"Unknown column 'User_friends.id_banana' in 'where clause'","sql":"SELECT `id_friend` AS `id` FROM `User_friends` AS `User_friends` WHERE `User_friends`.`id_banana` = '13';"},"original":{"code":"ER_BAD_FIELD_ERROR","errno":1054,"sqlState":"42S22","sqlMessage":"Unknown column 'User_friends.id_banana' in 'where clause'","sql":"SELECT `id_friend` AS `id` FROM `User_friends` AS `User_friends` WHERE `User_friends`.`id_banana` = '13';"},"sql":"SELECT `id_friend` AS `id` FROM `User_friends` AS `User_friends` WHERE `User_friends`.`id_banana` = '13';","parameters":{}}}
2024-06-02 12:41:58 info GET /user/getById?id_user=13 500 71 - 19.226 ms {"id_user":"13"} {"error":{"name":"SequelizeDatabaseError","parent":{"code":"ER_BAD_FIELD_ERROR","errno":1054,"sqlState":"42S22","sqlMessage":"Unknown column 'User_friends.id_banana' in 'where clause'","sql":"SELECT `id_friend` AS `id` FROM `User_friends` AS `User_friends` WHERE `User_friends`.`id_banana` = '13';"},"original":{"code":"ER_BAD_FIELD_ERROR","errno":1054,"sqlState":"42S22","sqlMessage":"Unknown column 'User_friends.id_banana' in 'where clause'","sql":"SELECT `id_friend` AS `id` FROM `User_friends` AS `User_friends` WHERE `User_friends`.`id_banana` = '13';"},"sql":"SELECT `id_friend` AS `id` FROM `User_friends` AS `User_friends` WHERE `User_friends`.`id_banana` = '13';","parameters":{}}}
2024-06-02 12:44:03 info GET /user/getById?id_user=13 500 71 - 16.244 ms {"id_user":"13"} {"error":{"name":"SequelizeDatabaseError","parent":{"code":"ER_BAD_FIELD_ERROR","errno":1054,"sqlState":"42S22","sqlMessage":"Unknown column 'User_friends.id_banana' in 'where clause'","sql":"SELECT `id_friend` AS `id` FROM `User_friends` AS `User_friends` WHERE `User_friends`.`id_banana` = '13';"},"original":{"code":"ER_BAD_FIELD_ERROR","errno":1054,"sqlState":"42S22","sqlMessage":"Unknown column 'User_friends.id_banana' in 'where clause'","sql":"SELECT `id_friend` AS `id` FROM `User_friends` AS `User_friends` WHERE `User_friends`.`id_banana` = '13';"},"sql":"SELECT `id_friend` AS `id` FROM `User_friends` AS `User_friends` WHERE `User_friends`.`id_banana` = '13';","parameters":{}}}: 
2024-06-02 12:44:43 info GET /user/getById?id_user=13 500 71 - 20.867 ms {"id_user":"13"} {"error":{"name":"SequelizeDatabaseError","parent":{"code":"ER_BAD_FIELD_ERROR","errno":1054,"sqlState":"42S22","sqlMessage":"Unknown column 'User_friends.id_banana' in 'where clause'","sql":"SELECT `id_friend` AS `id` FROM `User_friends` AS `User_friends` WHERE `User_friends`.`id_banana` = '13';"},"original":{"code":"ER_BAD_FIELD_ERROR","errno":1054,"sqlState":"42S22","sqlMessage":"Unknown column 'User_friends.id_banana' in 'where clause'","sql":"SELECT `id_friend` AS `id` FROM `User_friends` AS `User_friends` WHERE `User_friends`.`id_banana` = '13';"},"sql":"SELECT `id_friend` AS `id` FROM `User_friends` AS `User_friends` WHERE `User_friends`.`id_banana` = '13';","parameters":{}}}: undefined
{"level":"info","message":"GET /user/getById?id_user=13 500 71 - 18.493 ms {\"id_user\":\"13\"} {\"error\":{\"name\":\"SequelizeDatabaseError\",\"parent\":{\"code\":\"ER_BAD_FIELD_ERROR\",\"errno\":1054,\"sqlState\":\"42S22\",\"sqlMessage\":\"Unknown column 'User_friends.id_banana' in 'where clause'\",\"sql\":\"SELECT `id_friend` AS `id` FROM `User_friends` AS `User_friends` WHERE `User_friends`.`id_banana` = '13';\"},\"original\":{\"code\":\"ER_BAD_FIELD_ERROR\",\"errno\":1054,\"sqlState\":\"42S22\",\"sqlMessage\":\"Unknown column 'User_friends.id_banana' in 'where clause'\",\"sql\":\"SELECT `id_friend` AS `id` FROM `User_friends` AS `User_friends` WHERE `User_friends`.`id_banana` = '13';\"},\"sql\":\"SELECT `id_friend` AS `id` FROM `User_friends` AS `User_friends` WHERE `User_friends`.`id_banana` = '13';\",\"parameters\":{}}}","timestamp":"2024-06-02 12:45:24"}
{"level":"info","message":"GET /user/getById?id_user=13 500 71 - 18.247 ms {\"id_user\":\"13\"} {\"error\":{\"name\":\"SequelizeDatabaseError\",\"parent\":{\"code\":\"ER_BAD_FIELD_ERROR\",\"errno\":1054,\"sqlState\":\"42S22\",\"sqlMessage\":\"Unknown column 'User_friends.id_banana' in 'where clause'\",\"sql\":\"SELECT `id_friend` AS `id` FROM `User_friends` AS `User_friends` WHERE `User_friends`.`id_banana` = '13';\"},\"original\":{\"code\":\"ER_BAD_FIELD_ERROR\",\"errno\":1054,\"sqlState\":\"42S22\",\"sqlMessage\":\"Unknown column 'User_friends.id_banana' in 'where clause'\",\"sql\":\"SELECT `id_friend` AS `id` FROM `User_friends` AS `User_friends` WHERE `User_friends`.`id_banana` = '13';\"},\"sql\":\"SELECT `id_friend` AS `id` FROM `User_friends` AS `User_friends` WHERE `User_friends`.`id_banana` = '13';\",\"parameters\":{}}}","timestamp":"2024-06-02 12:46:23"}
{"level":"info","message":"GET /user/getById?id_user=13 500 71 - 19.713 ms {\"id_user\":\"13\"} {\"error\":{\"name\":\"SequelizeDatabaseError\",\"parent\":{\"code\":\"ER_BAD_FIELD_ERROR\",\"errno\":1054,\"sqlState\":\"42S22\",\"sqlMessage\":\"Unknown column 'User_friends.id_banana' in 'where clause'\",\"sql\":\"SELECT `id_friend` AS `id` FROM `User_friends` AS `User_friends` WHERE `User_friends`.`id_banana` = '13';\"},\"original\":{\"code\":\"ER_BAD_FIELD_ERROR\",\"errno\":1054,\"sqlState\":\"42S22\",\"sqlMessage\":\"Unknown column 'User_friends.id_banana' in 'where clause'\",\"sql\":\"SELECT `id_friend` AS `id` FROM `User_friends` AS `User_friends` WHERE `User_friends`.`id_banana` = '13';\"},\"sql\":\"SELECT `id_friend` AS `id` FROM `User_friends` AS `User_friends` WHERE `User_friends`.`id_banana` = '13';\",\"parameters\":{}}}","timestamp":"2024-06-02 12:47:16"}
{"level":"info","message":"GET /user/getById?id_user=13 500 71 - 16.576 ms {\"id_user\":\"13\"} {\"error\":{\"name\":\"SequelizeDatabaseError\",\"parent\":{\"code\":\"ER_BAD_FIELD_ERROR\",\"errno\":1054,\"sqlState\":\"42S22\",\"sqlMessage\":\"Unknown column 'User_friends.id_banana' in 'where clause'\",\"sql\":\"SELECT `id_friend` AS `id` FROM `User_friends` AS `User_friends` WHERE `User_friends`.`id_banana` = '13';\"},\"original\":{\"code\":\"ER_BAD_FIELD_ERROR\",\"errno\":1054,\"sqlState\":\"42S22\",\"sqlMessage\":\"Unknown column 'User_friends.id_banana' in 'where clause'\",\"sql\":\"SELECT `id_friend` AS `id` FROM `User_friends` AS `User_friends` WHERE `User_friends`.`id_banana` = '13';\"},\"sql\":\"SELECT `id_friend` AS `id` FROM `User_friends` AS `User_friends` WHERE `User_friends`.`id_banana` = '13';\",\"parameters\":{}}}","timestamp":"2024-06-02 12:48:37"}
{"level":"info","message":"GET /user/getById?id_user=13 500 71 - 22.127 ms {\"id_user\":\"13\"} {\"error\":{\"name\":\"SequelizeDatabaseError\",\"parent\":{\"code\":\"ER_BAD_FIELD_ERROR\",\"errno\":1054,\"sqlState\":\"42S22\",\"sqlMessage\":\"Unknown column 'User_friends.id_banana' in 'where clause'\",\"sql\":\"SELECT `id_friend` AS `id` FROM `User_friends` AS `User_friends` WHERE `User_friends`.`id_banana` = '13';\"},\"original\":{\"code\":\"ER_BAD_FIELD_ERROR\",\"errno\":1054,\"sqlState\":\"42S22\",\"sqlMessage\":\"Unknown column 'User_friends.id_banana' in 'where clause'\",\"sql\":\"SELECT `id_friend` AS `id` FROM `User_friends` AS `User_friends` WHERE `User_friends`.`id_banana` = '13';\"},\"sql\":\"SELECT `id_friend` AS `id` FROM `User_friends` AS `User_friends` WHERE `User_friends`.`id_banana` = '13';\",\"parameters\":{}}}","timestamp":"2024-06-02 12:49:25"}
{"level":"info","message":"GET /user/getById?id_user=13 200 452 - 23.755 ms {\"id_user\":\"13\"} {}","timestamp":"2024-06-02 12:50:02"}
{"level":"info","message":"POST /post/add?id_author=15 200 419 - 25.947 ms {\"id_author\":\"15\"} {\"title\":\"\\\"Chica Chica Bum\\\"\",\"content\":\"Barry Lee\"}","timestamp":"2024-06-02 16:21:22"}
{"level":"info","message":"POST /comments/add?id_author=15&id_post=12 200 221 - 18.852 ms {\"id_author\":\"15\",\"id_post\":\"12\"} {\"id_author\":13,\"id_post\":7,\"comment\":\"Dinor\"}","timestamp":"2024-06-02 16:21:49"}
{"level":"info","message":"POST /group/add?admin_id=15 200 210 - 19.468 ms {\"admin_id\":\"15\"} {\"group_name\":\"Jay\",\"group_desc\":\"Banana Dois\"}","timestamp":"2024-06-02 16:22:41"}
{"level":"info","message":"DELETE /user/deleteById?id_user=15 500 71 - 8.902 ms {\"id_user\":\"15\"} {\"error\":{\"name\":\"SequelizeForeignKeyConstraintError\",\"parent\":{\"code\":\"ER_ROW_IS_REFERENCED_2\",\"errno\":1451,\"sqlState\":\"23000\",\"sqlMessage\":\"Cannot delete or update a parent row: a foreign key constraint fails (`nodeSQL`.`Comments`, CONSTRAINT `Comments_ibfk_1` FOREIGN KEY (`id_author`) REFERENCES `Users` (`id`))\",\"sql\":\"DELETE FROM `Users` WHERE `id` = '15'\"},\"original\":{\"code\":\"ER_ROW_IS_REFERENCED_2\",\"errno\":1451,\"sqlState\":\"23000\",\"sqlMessage\":\"Cannot delete or update a parent row: a foreign key constraint fails (`nodeSQL`.`Comments`, CONSTRAINT `Comments_ibfk_1` FOREIGN KEY (`id_author`) REFERENCES `Users` (`id`))\",\"sql\":\"DELETE FROM `Users` WHERE `id` = '15'\"},\"sql\":\"DELETE FROM `Users` WHERE `id` = '15'\",\"parameters\":{},\"table\":\"Users\",\"fields\":[\"id_author\"],\"index\":\"Comments_ibfk_1\",\"reltype\":\"parent\"}}","timestamp":"2024-06-02 16:22:52"}
{"level":"info","message":"DELETE /user/deleteById?id_user=15 200 52 - 16.997 ms {\"id_user\":\"15\"} {}","timestamp":"2024-06-02 16:32:33"}
{"level":"info","message":"POST /comments/add?id_author=13&id_post=9 200 221 - 29.787 ms {\"id_author\":\"13\",\"id_post\":\"9\"} {\"id_author\":13,\"id_post\":7,\"comment\":\"Dinor\"}","timestamp":"2024-06-02 16:41:07"}
{"level":"info","message":"POST /post/addPostLike?id_post=9&id_user=13 200 173 - 23.834 ms {\"id_post\":\"9\",\"id_user\":\"13\"} {}","timestamp":"2024-06-02 16:42:29"}
{"level":"info","message":"DELETE /post/deleteById?id_post=9 200 224 - 13.313 ms {\"id_post\":\"9\"} {}","timestamp":"2024-06-02 16:42:38"}
{"level":"info","message":"POST /user/add 200 360 - 27.763 ms {} {\"username\":\"Banana21\",\"email\":\"carry@gmail.com\",\"password\":\"Der@22card\",\"phone_number\":\"5511958923093\"}","timestamp":"2024-06-02 16:44:33"}
{"level":"info","message":"POST /group/add?admin_id=15 400 79 - 8.193 ms {\"admin_id\":\"15\"} {\"group_name\":\"Jay\",\"group_desc\":\"Banana Dois\"}","timestamp":"2024-06-02 16:44:51"}
{"level":"info","message":"POST /group/add?admin_id=20 200 210 - 20.409 ms {\"admin_id\":\"20\"} {\"group_name\":\"Jay\",\"group_desc\":\"Banana Dois\"}","timestamp":"2024-06-02 16:44:58"}
{"level":"info","message":"GET /group/getGroupById?id_group=25 400 44 - 4.762 ms {\"id_group\":\"25\"} {}","timestamp":"2024-06-02 16:45:18"}
{"level":"info","message":"GET /group/getGroupById?id_group=25 200 394 - 14.309 ms {\"id_group\":\"25\"} {}","timestamp":"2024-06-02 16:50:06"}
{"level":"info","message":"DELETE /group/delete?admin_id=20&group_name=Jay 200 54 - 22.696 ms {\"admin_id\":\"20\",\"group_name\":\"Jay\"} {\"admin_id\":13,\"group_name\":\"Carros\"}","timestamp":"2024-06-02 16:50:41"}
{"level":"info","message":"POST /admin/add 200 243 - 26.219 ms {} {\"username\":\"Darling\",\"password\":\"Jerry@1763\"}","timestamp":"2024-06-02 16:54:18"}
{"level":"info","message":"POST /admin/add 400 46 - 18.772 ms {} {\"username\":\"Darling\",\"password\":\"Jerry@1763\"}","timestamp":"2024-06-02 17:31:55"}
{"level":"info","message":"DELETE /admin/delete?admin_id=4 200 54 - 12.322 ms {\"admin_id\":\"4\"} {}","timestamp":"2024-06-02 17:32:13"}
{"level":"info","message":"POST /group/add?admin_id=20 200 210 - 26.112 ms {\"admin_id\":\"20\"} {\"group_name\":\"Jay\",\"group_desc\":\"Banana Dois\"}","timestamp":"2024-06-02 17:32:23"}
{"level":"info","message":"PUT /group/editGroup?group_id=26&admin_id=20 200 320 - 17.647 ms {\"group_id\":\"26\",\"admin_id\":\"20\"} {\"group_name\":\"Dig Dim Doe Dim\",\"group_desc\":\"Scooby dooby dooo\"}","timestamp":"2024-06-02 17:32:50"}
{"level":"info","message":"PUT /group/editGroup?group_id=26&admin_id=20 200 121413 - 20.711 ms {\"group_id\":\"26\",\"admin_id\":\"20\"} {\"group_name\":\"Dig Dim Doe Dim\",\"group_desc\":\"Scooby dooby dooo\"}","timestamp":"2024-06-02 17:33:18"}
{"level":"info","message":"GET /group/getUserGroups?id=20 400 44 - 5.380 ms {\"id\":\"20\"} {}","timestamp":"2024-06-02 17:33:30"}
{"level":"info","message":"GET /group/getUserGroups?id_user=20 200 121329 - 7.996 ms {\"id_user\":\"20\"} {}","timestamp":"2024-06-02 17:33:37"}
{"level":"info","message":"GET /group/getAllGroups 200 121515 - 6.234 ms {} {}","timestamp":"2024-06-02 17:33:47"}
{"level":"info","message":"DELETE /group/delete?admin_id=20&group_name=Dig%20DIm%20Doe%20Dim 200 54 - 12.742 ms {\"admin_id\":\"20\",\"group_name\":\"Dig DIm Doe Dim\"} {\"admin_id\":13,\"group_name\":\"Carros\"}","timestamp":"2024-06-02 17:34:23"}
{"level":"info","message":"POST /group/addMember?id_member=19&id_group=18 200 184 - 11.482 ms {\"id_member\":\"19\",\"id_group\":\"18\"} {}","timestamp":"2024-06-02 17:34:55"}
{"level":"info","message":"DELETE /group/deleteMember?id_member=19&id_group=18 200 53 - 14.320 ms {\"id_member\":\"19\",\"id_group\":\"18\"} {}","timestamp":"2024-06-02 17:35:20"}
{"level":"info","message":"GET /group/getGroupById?id_group=18 200 419 - 7.392 ms {\"id_group\":\"18\"} {}","timestamp":"2024-06-02 17:35:27"}
{"level":"info","message":"GET /group/getGroupsWithUser?id_user=13 200 417 - 9.815 ms {\"id_user\":\"13\"} {}","timestamp":"2024-06-02 17:35:52"}
{"level":"info","message":"POST /user/add 200 360 - 20.873 ms {} {\"username\":\"Banana21\",\"email\":\"carry@gmail.com\",\"password\":\"Der@22card\",\"phone_number\":\"5511958923093\"}","timestamp":"2024-06-02 17:36:20"}
{"level":"info","message":"GET /user/getById?id_user=21 200 446 - 13.093 ms {\"id_user\":\"21\"} {}","timestamp":"2024-06-02 17:36:26"}
{"level":"info","message":"DELETE /user/deleteById?id_user=21 200 52 - 13.549 ms {\"id_user\":\"21\"} {}","timestamp":"2024-06-02 17:36:38"}
{"level":"info","message":"PUT /user/editById?id_user=19 200 456 - 12.575 ms {\"id_user\":\"19\"} {\"username\":\"Casteloratimbum\"}","timestamp":"2024-06-02 17:37:12"}
{"level":"info","message":"POST /user/addFollower?id_follower=18&id_followed=19 200 186 - 12.019 ms {\"id_follower\":\"18\",\"id_followed\":\"19\"} {}","timestamp":"2024-06-02 17:37:24"}
{"level":"info","message":"POST /user/addFriend?id_user=18&id_friend=19 200 178 - 11.720 ms {\"id_user\":\"18\",\"id_friend\":\"19\"} {\"id_user\":11,\"id_friend\":12}","timestamp":"2024-06-02 17:37:35"}
{"level":"info","message":"DELETE /user/removeFollower?id_follower=18&id_followed=19 200 57 - 9.735 ms {\"id_follower\":\"18\",\"id_followed\":\"19\"} {}","timestamp":"2024-06-02 17:37:43"}
{"level":"info","message":"DELETE /user/removeFriend?id_user=18&id_friend=19 200 55 - 9.223 ms {\"id_user\":\"18\",\"id_friend\":\"19\"} {\"id_user\":11,\"id_friend\":12}","timestamp":"2024-06-02 17:37:49"}
{"level":"info","message":"DELETE /user/userRemoveTag?id_user=18&id_tag=19 400 78 - 2.690 ms {\"id_user\":\"18\",\"id_tag\":\"19\"} {}","timestamp":"2024-06-02 17:37:57"}
{"level":"info","message":"POST /user/userAddTag?id_user=18&id_tag=5 200 50 - 13.346 ms {\"id_user\":\"18\",\"id_tag\":\"5\"} {}","timestamp":"2024-06-02 17:38:19"}
{"level":"info","message":"DELETE /user/userRemoveTag?id_user=18&id_tag=5 200 52 - 10.654 ms {\"id_user\":\"18\",\"id_tag\":\"5\"} {}","timestamp":"2024-06-02 17:38:24"}
{"level":"info","message":"POST /post/add?id_author=18 200 419 - 10.759 ms {\"id_author\":\"18\"} {\"title\":\"\\\"Chica Chica Bum\\\"\",\"content\":\"Barry Lee\"}","timestamp":"2024-06-02 17:38:59"}
{"level":"info","message":"GET /post/getById?id_post=13 200 449 - 12.257 ms {\"id_post\":\"13\"} {}","timestamp":"2024-06-02 17:39:22"}
{"level":"info","message":"GET /post/getPostsByUserId?id_author=18 200 231 - 7.076 ms {\"id_author\":\"18\"} {}","timestamp":"2024-06-02 17:39:37"}
{"level":"info","message":"DELETE /post/deleteById?id_post=13 200 228 - 9.215 ms {\"id_post\":\"13\"} {}","timestamp":"2024-06-02 17:39:45"}
{"level":"info","message":"POST /post/add?id_author=18 200 419 - 7.884 ms {\"id_author\":\"18\"} {\"title\":\"\\\"Chica Chica Bum\\\"\",\"content\":\"Barry Lee\"}","timestamp":"2024-06-02 17:39:51"}
{"level":"info","message":"POST /post/addPostLike?id_post=14&id_user=18 200 174 - 8.842 ms {\"id_post\":\"14\",\"id_user\":\"18\"} {}","timestamp":"2024-06-02 17:40:00"}
{"level":"info","message":"DELETE /post/removePostLike?id_post=14&id_user=18 200 172 - 8.575 ms {\"id_post\":\"14\",\"id_user\":\"18\"} {}","timestamp":"2024-06-02 17:40:08"}
{"level":"info","message":"POST /comments/add?id_author=18&id_post=14 200 222 - 11.476 ms {\"id_author\":\"18\",\"id_post\":\"14\"} {\"id_author\":13,\"id_post\":7,\"comment\":\"Dinor\"}","timestamp":"2024-06-02 17:40:28"}
{"level":"info","message":"DELETE /comments/deleteById?id_comment=11 200 73 - 10.810 ms {\"id_comment\":\"11\"} {}","timestamp":"2024-06-02 17:40:38"}
{"level":"info","message":"POST /comments/add?id_author=18&id_post=14 200 222 - 8.043 ms {\"id_author\":\"18\",\"id_post\":\"14\"} {\"id_author\":13,\"id_post\":7,\"comment\":\"Dinor\"}","timestamp":"2024-06-02 17:40:45"}
{"level":"info","message":"GET /comments/getById?id_comment=12 200 243 - 5.277 ms {\"id_comment\":\"12\"} {}","timestamp":"2024-06-02 17:40:51"}
{"level":"info","message":"PUT /comments/editById?id_comment=12 200 385 - 8.351 ms {\"id_comment\":\"12\"} {\"comment\":\"Shoryu: Kaen Hakke\"}","timestamp":"2024-06-02 17:40:59"}
{"level":"info","message":"POST /tags/add 200 162 - 11.669 ms {} {\"tag_name\":\"Web\"}","timestamp":"2024-06-02 17:41:20"}
{"level":"info","message":"DELETE /tags/delete?tag_name=web 200 52 - 7.524 ms {\"tag_name\":\"web\"} {}","timestamp":"2024-06-02 17:41:27"}
2024-06-02 17:43:34 info GET /group/getAllGroups 200 254 - 13.269 ms {} {}
2024-06-02 17:43:38 info GET /group/getGroupById?id_group=18 500 71 - 8.349 ms {"id_group":"18"} {"error":{"name":"SequelizeDatabaseError","parent":{"code":"ER_BAD_FIELD_ERROR","errno":1054,"sqlState":"42S22","sqlMessage":"Unknown column 'User_group.id_banana' in 'where clause'","sql":"SELECT `id_member` AS `id` FROM `User_groups` AS `User_group` WHERE `User_group`.`id_banana` = '18';"},"original":{"code":"ER_BAD_FIELD_ERROR","errno":1054,"sqlState":"42S22","sqlMessage":"Unknown column 'User_group.id_banana' in 'where clause'","sql":"SELECT `id_member` AS `id` FROM `User_groups` AS `User_group` WHERE `User_group`.`id_banana` = '18';"},"sql":"SELECT `id_member` AS `id` FROM `User_groups` AS `User_group` WHERE `User_group`.`id_banana` = '18';","parameters":{}}}
